[15:13:51.258 Verbose] - BuildManager - C:\Users\vera2\source\repos\NewsWebsite\News-DesktopApplication\Presentation\Forms\CreateAccount.cs(68,48): error CS1729: 'CustomerSignUp' does not contain a constructor that takes 1 arguments
[15:13:51.258 Verbose] - BuildManager - C:\Users\vera2\source\repos\NewsWebsite\News-DesktopApplication\Presentation\Forms\AllComments.cs(20,21): warning CS0169: The field 'AllComments.a' is never used
[15:13:51.258 Verbose] - BuildManager - C:\Users\vera2\source\repos\NewsWebsite\News-DesktopApplication\Presentation\Forms\CustomerDashBoard.cs(19,21): warning CS0169: The field 'CustomerDashBoard.n' is never used
[15:13:51.258 Verbose] - BuildManager - C:\Users\vera2\source\repos\NewsWebsite\News-DesktopApplication\Presentation\Forms\CustomerSignUp.cs(21,18): warning CS0649: Field 'CustomerSignUp.c' is never assigned to, and will always have its default value null
[15:13:51.258 Verbose] - BuildManager - C:\Users\vera2\source\repos\NewsWebsite\News-DesktopApplication\Presentation\Forms\AdminDashBoard.cs(19,29): warning CS0169: The field 'AdminDashBoard.control' is never used
[15:13:51.258 Verbose] - BuildManager - C:\Program Files (x86)\Microsoft Visual Studio\2019\Enterprise\MSBuild\Current\Bin\Roslyn\Microsoft.CSharp.Core.targets(71,5): error MSB4181: The "Csc" task returned false but did not log an error.
[15:13:51.263 Verbose] - BuildManager - Some of the file paths defined in the csproj under the Live Unit Testing build path are missing. Verify whether these files should be present under the Live Unit Testing build path and if necessary update the csproj definition to look these files up in a different place.
[15:13:51.263 Verbose] - BuildManager - Item _OutputPathItem 'C:\Users\vera2\source\repos\NewsWebsite\.vs\NewsWebsite\v16\lut\0\b\News-DesktopApplication\Debug\netcoreapp3.1\' evaluated via:
_OutputPathItem: '$(OutDir)' @ C:\Program Files (x86)\Microsoft Visual Studio\2019\Enterprise\MSBuild\Current\Bin\Microsoft.Common.CurrentVersion.targets:310
  OutDir: '$(OutputPath)' @ C:\Program Files (x86)\Microsoft Visual Studio\2019\Enterprise\MSBuild\Current\Bin\Microsoft.Common.CurrentVersion.targets:228
    OutputPath: '$(OutputPath)$(TargetFramework.ToLowerInvariant())\' @ C:\Program Files\dotnet\sdk\5.0.405\Sdks\Microsoft.NET.Sdk\targets\Microsoft.NET.TargetFrameworkInference.targets:242
      OutputPath: '$(BaseOutputPath)$(Configuration)\' @ C:\Program Files\dotnet\sdk\5.0.405\Sdks\Microsoft.NET.Sdk\targets\Microsoft.NET.DefaultOutputPaths.targets:33
        BaseOutputPath: 'C:\Users\vera2\source\repos\NewsWebsite\.vs\NewsWebsite\v16\lut\0\b\News-DesktopApplication\' @ C:\Users\vera2\source\repos\NewsWebsite\News-DesktopApplication\News-DesktopApplication.csproj:0
        Configuration: 'Debug'
[15:13:51.264 Verbose] - BuildManager - Item AppConfigFileDestination 'C:\Users\vera2\source\repos\NewsWebsite\.vs\NewsWebsite\v16\lut\0\b\News-DesktopApplication\Debug\netcoreapp3.1\News-DesktopApplication.dll.config' evaluated via:
AppConfigFileDestination: '$(OutDir)$(TargetFileName).config' @ C:\Program Files (x86)\Microsoft Visual Studio\2019\Enterprise\MSBuild\Current\Bin\Microsoft.Common.CurrentVersion.targets:338
  OutDir: '$(OutputPath)' @ C:\Program Files (x86)\Microsoft Visual Studio\2019\Enterprise\MSBuild\Current\Bin\Microsoft.Common.CurrentVersion.targets:228
    OutputPath: '$(OutputPath)$(TargetFramework.ToLowerInvariant())\' @ C:\Program Files\dotnet\sdk\5.0.405\Sdks\Microsoft.NET.Sdk\targets\Microsoft.NET.TargetFrameworkInference.targets:242
      OutputPath: '$(BaseOutputPath)$(Configuration)\' @ C:\Program Files\dotnet\sdk\5.0.405\Sdks\Microsoft.NET.Sdk\targets\Microsoft.NET.DefaultOutputPaths.targets:33
        BaseOutputPath: 'C:\Users\vera2\source\repos\NewsWebsite\.vs\NewsWebsite\v16\lut\0\b\News-DesktopApplication\' @ C:\Users\vera2\source\repos\NewsWebsite\News-DesktopApplication\News-DesktopApplication.csproj:0
        Configuration: 'Debug'
  TargetFileName: '$(TargetName)$(TargetExt)' @ C:\Program Files (x86)\Microsoft Visual Studio\2019\Enterprise\MSBuild\Current\Bin\Microsoft.Common.CurrentVersion.targets:248
    TargetName: '$(AssemblyName)' @ C:\Program Files (x86)\Microsoft Visual Studio\2019\Enterprise\MSBuild\Current\Bin\Microsoft.Common.CurrentVersion.targets:240
      AssemblyName: '$(MSBuildProjectName)' @ C:\Program Files\dotnet\sdk\5.0.405\Sdks\Microsoft.NET.Sdk\targets\Microsoft.NET.Sdk.props:32
        MSBuildProjectName: 'News-DesktopApplication'
    TargetExt: '.dll' @ C:\Program Files\dotnet\sdk\5.0.405\Sdks\Microsoft.NET.Sdk\targets\Microsoft.NET.Sdk.BeforeCommon.targets:99
[15:13:51.264 Verbose] - BuildManager - Item _DebugSymbolsOutputPath 'C:\Users\vera2\source\repos\NewsWebsite\.vs\NewsWebsite\v16\lut\0\b\News-DesktopApplication\Debug\netcoreapp3.1\News-DesktopApplication.pdb' evaluated via:
_DebugSymbolsOutputPath: '@(_DebugSymbolsIntermediatePath->'$(OutDir)%(Filename)%(Extension)')' @ C:\Program Files (x86)\Microsoft Visual Studio\2019\Enterprise\MSBuild\Current\Bin\Microsoft.Common.CurrentVersion.targets:404
  OutDir: '$(OutputPath)' @ C:\Program Files (x86)\Microsoft Visual Studio\2019\Enterprise\MSBuild\Current\Bin\Microsoft.Common.CurrentVersion.targets:228
    OutputPath: '$(OutputPath)$(TargetFramework.ToLowerInvariant())\' @ C:\Program Files\dotnet\sdk\5.0.405\Sdks\Microsoft.NET.Sdk\targets\Microsoft.NET.TargetFrameworkInference.targets:242
      OutputPath: '$(BaseOutputPath)$(Configuration)\' @ C:\Program Files\dotnet\sdk\5.0.405\Sdks\Microsoft.NET.Sdk\targets\Microsoft.NET.DefaultOutputPaths.targets:33
        BaseOutputPath: 'C:\Users\vera2\source\repos\NewsWebsite\.vs\NewsWebsite\v16\lut\0\b\News-DesktopApplication\' @ C:\Users\vera2\source\repos\NewsWebsite\News-DesktopApplication\News-DesktopApplication.csproj:0
        Configuration: 'Debug'
[15:13:51.264 Verbose] - BuildManager - Item _ApplicationManifestFinal 'C:\Users\vera2\source\repos\NewsWebsite\.vs\NewsWebsite\v16\lut\0\b\News-DesktopApplication\Debug\netcoreapp3.1\News-DesktopApplication.dll.manifest' evaluated via:
_ApplicationManifestFinal: '$(OutDir)$(_DeploymentTargetApplicationManifestFileName)' @ C:\Program Files (x86)\Microsoft Visual Studio\2019\Enterprise\MSBuild\Current\Bin\Microsoft.Common.CurrentVersion.targets:442
  OutDir: '$(OutputPath)' @ C:\Program Files (x86)\Microsoft Visual Studio\2019\Enterprise\MSBuild\Current\Bin\Microsoft.Common.CurrentVersion.targets:228
    OutputPath: '$(OutputPath)$(TargetFramework.ToLowerInvariant())\' @ C:\Program Files\dotnet\sdk\5.0.405\Sdks\Microsoft.NET.Sdk\targets\Microsoft.NET.TargetFrameworkInference.targets:242
      OutputPath: '$(BaseOutputPath)$(Configuration)\' @ C:\Program Files\dotnet\sdk\5.0.405\Sdks\Microsoft.NET.Sdk\targets\Microsoft.NET.DefaultOutputPaths.targets:33
        BaseOutputPath: 'C:\Users\vera2\source\repos\NewsWebsite\.vs\NewsWebsite\v16\lut\0\b\News-DesktopApplication\' @ C:\Users\vera2\source\repos\NewsWebsite\News-DesktopApplication\News-DesktopApplication.csproj:0
        Configuration: 'Debug'
  _DeploymentTargetApplicationManifestFileName: '$(TargetFileName).manifest' @ C:\Program Files (x86)\Microsoft Visual Studio\2019\Enterprise\MSBuild\Current\Bin\Microsoft.Common.CurrentVersion.targets:266
    TargetFileName: '$(TargetName)$(TargetExt)' @ C:\Program Files (x86)\Microsoft Visual Studio\2019\Enterprise\MSBuild\Current\Bin\Microsoft.Common.CurrentVersion.targets:248
      TargetName: '$(AssemblyName)' @ C:\Program Files (x86)\Microsoft Visual Studio\2019\Enterprise\MSBuild\Current\Bin\Microsoft.Common.CurrentVersion.targets:240
        AssemblyName: '$(MSBuildProjectName)' @ C:\Program Files\dotnet\sdk\5.0.405\Sdks\Microsoft.NET.Sdk\targets\Microsoft.NET.Sdk.props:32
          MSBuildProjectName: 'News-DesktopApplication'
      TargetExt: '.dll' @ C:\Program Files\dotnet\sdk\5.0.405\Sdks\Microsoft.NET.Sdk\targets\Microsoft.NET.Sdk.BeforeCommon.targets:99
